<?xml version="1.0" encoding="UTF-8"?>
<testng-results skipped="0" failed="0" ignored="0" total="1" passed="1">
  <reporter-output>
  </reporter-output>
  <suite name="Suite" duration-ms="14334" started-at="2018-09-01T08:22:30Z" finished-at="2018-09-01T08:22:45Z">
    <groups>
    </groups>
    <test name="Test" duration-ms="14334" started-at="2018-09-01T08:22:30Z" finished-at="2018-09-01T08:22:45Z">
      <class name="testcases.TC_001">
        <test-method status="PASS" signature="testcase1()[pri:0, instance:testcases.TC_001@44c8afef]" name="testcase1" duration-ms="14314" started-at="2018-09-01T08:22:30Z" finished-at="2018-09-01T08:22:45Z">
          <reporter-output>
          </reporter-output>
        </test-method> <!-- testcase1 -->
      </class> <!-- testcases.TC_001 -->
    </test> <!-- Test -->
  </suite> <!-- Suite -->
</testng-results>
